<?xml version="1.0" encoding="UTF-8"?>
<!-- Generated by org.testng.reporters.JUnitXMLReporter -->
<testsuite hostname="DESKTOP-NCJM12M" ignored="0" name="Default test" tests="2" failures="0" timestamp="11 Mar 2022 17:05:17 GMT" time="20.628" errors="0">
  <testcase name="negativeLogin" time="0.177" classname="orangeHRM.NegativeAndPossitiveLoginValidation"/>
  <testcase name="positiveLogin" time="1.991" classname="orangeHRM.NegativeAndPossitiveLoginValidation"/>
</testsuite> <!-- Default test -->
